<?xml version="1.0" encoding="UTF-8"?>
<!-- Generated by org.testng.reporters.JUnitReportReporter -->
<testsuite skipped="0" hostname="DESKTOP-G62NTU6" name="testngproject.TestNGFile" tests="2" failures="0" timestamp="06 Mar 2019 16:03:37 GMT" time="17.827" errors="0">
  <testcase name="register" time="10.212" classname="testngproject.TestNGFile"/>
  <testcase name="support" time="7.615" classname="testngproject.TestNGFile"/>
</testsuite> <!-- testngproject.TestNGFile -->
