<?xml version="1.0" encoding="UTF-8"?>
<!-- Generated by org.testng.reporters.JUnitReportReporter -->
<testsuite skipped="0" hostname="DESKTOP-G62NTU6" name="testngproject.TestGuru99MultipleSession" tests="3" failures="0" timestamp="07 Mar 2019 10:43:13 GMT" time="244.903" errors="0">
  <testcase name="executSessionThree" time="54.652" classname="testngproject.TestGuru99MultipleSession"/>
  <testcase name="executSessionOne" time="145.909" classname="testngproject.TestGuru99MultipleSession"/>
  <testcase name="executeSessionTwo" time="44.342" classname="testngproject.TestGuru99MultipleSession"/>
</testsuite> <!-- testngproject.TestGuru99MultipleSession -->
